# JRE version: OpenJDK Runtime Environment (22.0.2+9) (build 22.0.2+9-70)
# Java VM: OpenJDK 64-Bit Server VM (22.0.2+9-70, mixed mode, emulated-client, sharing, tiered, compressed oops, compressed class ptrs, g1 gc, windows-amd64)
GC Precious Log:
 CardTable entry size: 512
 Card Set container configuration: InlinePtr #cards 5 size 8 Array Of Cards #cards 12 size 40 Howl #buckets 4 coarsen threshold 1843 Howl Bitmap #cards 512 size 80 coarsen threshold 460 Card regions per heap region 1 cards per card region 2048
 CPUs: 4 total, 4 available
 Memory: 3518M
 Large Page Support: Disabled
 NUMA Support: Disabled
 Compressed Oops: Enabled (32-bit)
 Heap Region Size: 1M
 Heap Min Capacity: 8M
 Heap Initial Capacity: 56M
 Heap Max Capacity: 880M
 Pre-touch: Disabled
 Parallel Workers: 4
 Concurrent Workers: 1
 Concurrent Refinement Workers: 4
 Periodic GC: Disabled
Heap:
 garbage-first heap   total reserved 901120K, committed 57344K, used 44071K [0x00000000c9000000, 0x0000000100000000)
  region size 1024K, 20 young (20480K), 3 survivors (3072K)
 Metaspace       used 47450K, committed 48000K, reserved 1114112K
  class space    used 6712K, committed 6976K, reserved 1048576K
GC Heap History (20 events):
Event: 3.282 GC heap before
{Heap before GC invocations=2 (full 0):
 garbage-first heap   total reserved 901120K, committed 57344K, used 28934K [0x00000000c9000000, 0x0000000100000000)
  region size 1024K, 21 young (21504K), 2 survivors (2048K)
 Metaspace       used 9877K, committed 10176K, reserved 1114112K
  class space    used 1306K, committed 1408K, reserved 1048576K
}
Event: 3.286 GC heap after
{Heap after GC invocations=3 (full 0):
 garbage-first heap   total reserved 901120K, committed 57344K, used 11456K [0x00000000c9000000, 0x0000000100000000)
  region size 1024K, 3 young (3072K), 3 survivors (3072K)
 Metaspace       used 9877K, committed 10176K, reserved 1114112K
  class space    used 1306K, committed 1408K, reserved 1048576K
}
Event: 4.229 GC heap before
{Heap before GC invocations=3 (full 0):
 garbage-first heap   total reserved 901120K, committed 57344K, used 38080K [0x00000000c9000000, 0x0000000100000000)
  region size 1024K, 30 young (30720K), 3 survivors (3072K)
 Metaspace       used 14925K, committed 15296K, reserved 1114112K
  class space    used 2148K, committed 2304K, reserved 1048576K
}
Event: 4.240 GC heap after
{Heap after GC invocations=4 (full 0):
 garbage-first heap   total reserved 901120K, committed 57344K, used 13179K [0x00000000c9000000, 0x0000000100000000)
  region size 1024K, 3 young (3072K), 3 survivors (3072K)
 Metaspace       used 14925K, committed 15296K, reserved 1114112K
  class space    used 2148K, committed 2304K, reserved 1048576K
}
Event: 4.911 GC heap before
{Heap before GC invocations=4 (full 0):
 garbage-first heap   total reserved 901120K, committed 57344K, used 39803K [0x00000000c9000000, 0x0000000100000000)
  region size 1024K, 30 young (30720K), 3 survivors (3072K)
 Metaspace       used 19397K, committed 19648K, reserved 1114112K
  class space    used 2662K, committed 2752K, reserved 1048576K
}
Event: 4.919 GC heap after
{Heap after GC invocations=5 (full 0):
 garbage-first heap   total reserved 901120K, committed 57344K, used 15627K [0x00000000c9000000, 0x0000000100000000)
  region size 1024K, 4 young (4096K), 4 survivors (4096K)
 Metaspace       used 19397K, committed 19648K, reserved 1114112K
  class space    used 2662K, committed 2752K, reserved 1048576K
}
Event: 5.057 GC heap before
{Heap before GC invocations=5 (full 0):
 garbage-first heap   total reserved 901120K, committed 57344K, used 22795K [0x00000000c9000000, 0x0000000100000000)
  region size 1024K, 13 young (13312K), 4 survivors (4096K)
 Metaspace       used 21130K, committed 21504K, reserved 1114112K
  class space    used 2894K, committed 3072K, reserved 1048576K
}
Event: 5.065 GC heap after
{Heap after GC invocations=6 (full 0):
 garbage-first heap   total reserved 901120K, committed 57344K, used 16784K [0x00000000c9000000, 0x0000000100000000)
  region size 1024K, 1 young (1024K), 1 survivors (1024K)
 Metaspace       used 21130K, committed 21504K, reserved 1114112K
  class space    used 2894K, committed 3072K, reserved 1048576K
}
Event: 5.891 GC heap before
{Heap before GC invocations=7 (full 0):
 garbage-first heap   total reserved 901120K, committed 57344K, used 43408K [0x00000000c9000000, 0x0000000100000000)
  region size 1024K, 27 young (27648K), 1 survivors (1024K)
 Metaspace       used 23265K, committed 23616K, reserved 1114112K
  class space    used 3211K, committed 3328K, reserved 1048576K
}
Event: 5.897 GC heap after
{Heap after GC invocations=8 (full 0):
 garbage-first heap   total reserved 901120K, committed 57344K, used 19246K [0x00000000c9000000, 0x0000000100000000)
  region size 1024K, 4 young (4096K), 4 survivors (4096K)
 Metaspace       used 23265K, committed 23616K, reserved 1114112K
  class space    used 3211K, committed 3328K, reserved 1048576K
}
Event: 6.856 GC heap before
{Heap before GC invocations=8 (full 0):
 garbage-first heap   total reserved 901120K, committed 57344K, used 44846K [0x00000000c9000000, 0x0000000100000000)
  region size 1024K, 29 young (29696K), 4 survivors (4096K)
 Metaspace       used 26107K, committed 26432K, reserved 1114112K
  class space    used 3622K, committed 3776K, reserved 1048576K
}
Event: 6.865 GC heap after
{Heap after GC invocations=9 (full 0):
 garbage-first heap   total reserved 901120K, committed 57344K, used 20787K [0x00000000c9000000, 0x0000000100000000)
  region size 1024K, 2 young (2048K), 2 survivors (2048K)
 Metaspace       used 26107K, committed 26432K, reserved 1114112K
  class space    used 3622K, committed 3776K, reserved 1048576K
}
Event: 7.689 GC heap before
{Heap before GC invocations=9 (full 0):
 garbage-first heap   total reserved 901120K, committed 57344K, used 46387K [0x00000000c9000000, 0x0000000100000000)
  region size 1024K, 27 young (27648K), 2 survivors (2048K)
 Metaspace       used 29381K, committed 29888K, reserved 1114112K
  class space    used 4122K, committed 4352K, reserved 1048576K
}
Event: 7.695 GC heap after
{Heap after GC invocations=10 (full 0):
 garbage-first heap   total reserved 901120K, committed 57344K, used 23001K [0x00000000c9000000, 0x0000000100000000)
  region size 1024K, 4 young (4096K), 4 survivors (4096K)
 Metaspace       used 29381K, committed 29888K, reserved 1114112K
  class space    used 4122K, committed 4352K, reserved 1048576K
}
Event: 8.318 GC heap before
{Heap before GC invocations=10 (full 0):
 garbage-first heap   total reserved 901120K, committed 57344K, used 47577K [0x00000000c9000000, 0x0000000100000000)
  region size 1024K, 28 young (28672K), 4 survivors (4096K)
 Metaspace       used 32037K, committed 32576K, reserved 1114112K
  class space    used 4507K, committed 4736K, reserved 1048576K
}
Event: 8.327 GC heap after
{Heap after GC invocations=11 (full 0):
 garbage-first heap   total reserved 901120K, committed 57344K, used 24831K [0x00000000c9000000, 0x0000000100000000)
  region size 1024K, 2 young (2048K), 2 survivors (2048K)
 Metaspace       used 32037K, committed 32576K, reserved 1114112K
  class space    used 4507K, committed 4736K, reserved 1048576K
}
Event: 9.031 GC heap before
{Heap before GC invocations=11 (full 0):
 garbage-first heap   total reserved 901120K, committed 57344K, used 44287K [0x00000000c9000000, 0x0000000100000000)
  region size 1024K, 23 young (23552K), 2 survivors (2048K)
 Metaspace       used 35581K, committed 36096K, reserved 1114112K
  class space    used 5027K, committed 5248K, reserved 1048576K
}
Event: 9.038 GC heap after
{Heap after GC invocations=12 (full 0):
 garbage-first heap   total reserved 901120K, committed 57344K, used 25855K [0x00000000c9000000, 0x0000000100000000)
  region size 1024K, 3 young (3072K), 3 survivors (3072K)
 Metaspace       used 35581K, committed 36096K, reserved 1114112K
  class space    used 5027K, committed 5248K, reserved 1048576K
}
Event: 9.773 GC heap before
{Heap before GC invocations=13 (full 0):
 garbage-first heap   total reserved 901120K, committed 57344K, used 49407K [0x00000000c9000000, 0x0000000100000000)
  region size 1024K, 26 young (26624K), 3 survivors (3072K)
 Metaspace       used 40523K, committed 41152K, reserved 1114112K
  class space    used 5794K, committed 6080K, reserved 1048576K
}
Event: 9.779 GC heap after
{Heap after GC invocations=14 (full 0):
 garbage-first heap   total reserved 901120K, committed 57344K, used 27687K [0x00000000c9000000, 0x0000000100000000)
  region size 1024K, 3 young (3072K), 3 survivors (3072K)
 Metaspace       used 40523K, committed 41152K, reserved 1114112K
  class space    used 5794K, committed 6080K, reserved 1048576K
}

