# JRE version: OpenJDK Runtime Environment (22.0.2+9) (build 22.0.2+9-70)
# Java VM: OpenJDK 64-Bit Server VM (22.0.2+9-70, mixed mode, emulated-client, sharing, tiered, compressed oops, compressed class ptrs, g1 gc, windows-amd64)
GC Precious Log:
 CardTable entry size: 512
 Card Set container configuration: InlinePtr #cards 5 size 8 Array Of Cards #cards 12 size 40 Howl #buckets 4 coarsen threshold 1843 Howl Bitmap #cards 512 size 80 coarsen threshold 460 Card regions per heap region 1 cards per card region 2048
 CPUs: 4 total, 4 available
 Memory: 3518M
 Large Page Support: Disabled
 NUMA Support: Disabled
 Compressed Oops: Enabled (32-bit)
 Heap Region Size: 1M
 Heap Min Capacity: 8M
 Heap Initial Capacity: 56M
 Heap Max Capacity: 880M
 Pre-touch: Disabled
 Parallel Workers: 4
 Concurrent Workers: 1
 Concurrent Refinement Workers: 4
 Periodic GC: Disabled
Heap:
 garbage-first heap   total reserved 901120K, committed 140288K, used 49614K [0x00000000c9000000, 0x0000000100000000)
  region size 1024K, 7 young (7168K), 7 survivors (7168K)
 Metaspace       used 93652K, committed 94720K, reserved 1179648K
  class space    used 12728K, committed 13248K, reserved 1048576K
GC Heap History (20 events):
Event: 44639.441 GC heap after
{Heap after GC invocations=156 (full 10):
 garbage-first heap   total reserved 901120K, committed 140288K, used 39841K [0x00000000c9000000, 0x0000000100000000)
  region size 1024K, 0 young (0K), 0 survivors (0K)
 Metaspace       used 88145K, committed 89088K, reserved 1179648K
  class space    used 12181K, committed 12608K, reserved 1048576K
}
Event: 44642.188 GC heap before
{Heap before GC invocations=156 (full 10):
 garbage-first heap   total reserved 901120K, committed 140288K, used 114593K [0x00000000c9000000, 0x0000000100000000)
  region size 1024K, 74 young (75776K), 0 survivors (0K)
 Metaspace       used 88748K, committed 89728K, reserved 1179648K
  class space    used 12252K, committed 12736K, reserved 1048576K
}
Event: 44642.201 GC heap after
{Heap after GC invocations=157 (full 10):
 garbage-first heap   total reserved 901120K, committed 140288K, used 46686K [0x00000000c9000000, 0x0000000100000000)
  region size 1024K, 7 young (7168K), 7 survivors (7168K)
 Metaspace       used 88748K, committed 89728K, reserved 1179648K
  class space    used 12252K, committed 12736K, reserved 1048576K
}
Event: 44644.521 GC heap before
{Heap before GC invocations=158 (full 10):
 garbage-first heap   total reserved 901120K, committed 140288K, used 119390K [0x00000000c9000000, 0x0000000100000000)
  region size 1024K, 78 young (79872K), 7 survivors (7168K)
 Metaspace       used 89768K, committed 90752K, reserved 1179648K
  class space    used 12337K, committed 12800K, reserved 1048576K
}
Event: 44644.547 GC heap after
{Heap after GC invocations=159 (full 10):
 garbage-first heap   total reserved 901120K, committed 140288K, used 51509K [0x00000000c9000000, 0x0000000100000000)
  region size 1024K, 6 young (6144K), 6 survivors (6144K)
 Metaspace       used 89768K, committed 90752K, reserved 1179648K
  class space    used 12337K, committed 12800K, reserved 1048576K
}
Event: 44651.478 GC heap before
{Heap before GC invocations=159 (full 10):
 garbage-first heap   total reserved 901120K, committed 140288K, used 82229K [0x00000000c9000000, 0x0000000100000000)
  region size 1024K, 37 young (37888K), 6 survivors (6144K)
 Metaspace       used 89806K, committed 90752K, reserved 1179648K
  class space    used 12343K, committed 12800K, reserved 1048576K
}
Event: 44651.664 GC heap after
{Heap after GC invocations=160 (full 11):
 garbage-first heap   total reserved 901120K, committed 140288K, used 40945K [0x00000000c9000000, 0x0000000100000000)
  region size 1024K, 0 young (0K), 0 survivors (0K)
 Metaspace       used 89788K, committed 90752K, reserved 1179648K
  class space    used 12342K, committed 12800K, reserved 1048576K
}
Event: 44656.182 GC heap before
{Heap before GC invocations=160 (full 11):
 garbage-first heap   total reserved 901120K, committed 140288K, used 117745K [0x00000000c9000000, 0x0000000100000000)
  region size 1024K, 76 young (77824K), 0 survivors (0K)
 Metaspace       used 90383K, committed 91328K, reserved 1179648K
  class space    used 12412K, committed 12864K, reserved 1048576K
}
Event: 44656.200 GC heap after
{Heap after GC invocations=161 (full 11):
 garbage-first heap   total reserved 901120K, committed 140288K, used 47381K [0x00000000c9000000, 0x0000000100000000)
  region size 1024K, 7 young (7168K), 7 survivors (7168K)
 Metaspace       used 90383K, committed 91328K, reserved 1179648K
  class space    used 12412K, committed 12864K, reserved 1048576K
}
Event: 44658.682 GC heap before
{Heap before GC invocations=162 (full 11):
 garbage-first heap   total reserved 901120K, committed 140288K, used 121109K [0x00000000c9000000, 0x0000000100000000)
  region size 1024K, 79 young (80896K), 7 survivors (7168K)
 Metaspace       used 91430K, committed 92416K, reserved 1179648K
  class space    used 12499K, committed 12992K, reserved 1048576K
}
Event: 44658.714 GC heap after
{Heap after GC invocations=163 (full 11):
 garbage-first heap   total reserved 901120K, committed 140288K, used 53286K [0x00000000c9000000, 0x0000000100000000)
  region size 1024K, 7 young (7168K), 7 survivors (7168K)
 Metaspace       used 91430K, committed 92416K, reserved 1179648K
  class space    used 12499K, committed 12992K, reserved 1048576K
}
Event: 44661.553 GC heap before
{Heap before GC invocations=163 (full 11):
 garbage-first heap   total reserved 901120K, committed 140288K, used 79910K [0x00000000c9000000, 0x0000000100000000)
  region size 1024K, 34 young (34816K), 7 survivors (7168K)
 Metaspace       used 91436K, committed 92416K, reserved 1179648K
  class space    used 12501K, committed 12992K, reserved 1048576K
}
Event: 44661.685 GC heap after
{Heap after GC invocations=164 (full 12):
 garbage-first heap   total reserved 901120K, committed 140288K, used 42062K [0x00000000c9000000, 0x0000000100000000)
  region size 1024K, 0 young (0K), 0 survivors (0K)
 Metaspace       used 91417K, committed 92416K, reserved 1179648K
  class space    used 12499K, committed 12992K, reserved 1048576K
}
Event: 44664.459 GC heap before
{Heap before GC invocations=164 (full 12):
 garbage-first heap   total reserved 901120K, committed 140288K, used 118862K [0x00000000c9000000, 0x0000000100000000)
  region size 1024K, 76 young (77824K), 0 survivors (0K)
 Metaspace       used 92027K, committed 93056K, reserved 1179648K
  class space    used 12572K, committed 13056K, reserved 1048576K
}
Event: 44664.473 GC heap after
{Heap after GC invocations=165 (full 12):
 garbage-first heap   total reserved 901120K, committed 140288K, used 48487K [0x00000000c9000000, 0x0000000100000000)
  region size 1024K, 7 young (7168K), 7 survivors (7168K)
 Metaspace       used 92027K, committed 93056K, reserved 1179648K
  class space    used 12572K, committed 13056K, reserved 1048576K
}
Event: 44667.970 GC heap before
{Heap before GC invocations=166 (full 12):
 garbage-first heap   total reserved 901120K, committed 140288K, used 121191K [0x00000000c9000000, 0x0000000100000000)
  region size 1024K, 78 young (79872K), 7 survivors (7168K)
 Metaspace       used 93064K, committed 94080K, reserved 1179648K
  class space    used 12656K, committed 13120K, reserved 1048576K
}
Event: 44667.993 GC heap after
{Heap after GC invocations=167 (full 12):
 garbage-first heap   total reserved 901120K, committed 140288K, used 54050K [0x00000000c9000000, 0x0000000100000000)
  region size 1024K, 7 young (7168K), 7 survivors (7168K)
 Metaspace       used 93064K, committed 94080K, reserved 1179648K
  class space    used 12656K, committed 13120K, reserved 1048576K
}
Event: 44671.006 GC heap before
{Heap before GC invocations=167 (full 12):
 garbage-first heap   total reserved 901120K, committed 140288K, used 80674K [0x00000000c9000000, 0x0000000100000000)
  region size 1024K, 34 young (34816K), 7 survivors (7168K)
 Metaspace       used 93084K, committed 94144K, reserved 1179648K
  class space    used 12662K, committed 13184K, reserved 1048576K
}
Event: 44671.142 GC heap after
{Heap after GC invocations=168 (full 13):
 garbage-first heap   total reserved 901120K, committed 140288K, used 43184K [0x00000000c9000000, 0x0000000100000000)
  region size 1024K, 0 young (0K), 0 survivors (0K)
 Metaspace       used 93058K, committed 94144K, reserved 1179648K
  class space    used 12659K, committed 13184K, reserved 1048576K
}
Event: 44673.289 GC heap before
{Heap before GC invocations=168 (full 13):
 garbage-first heap   total reserved 901120K, committed 140288K, used 121008K [0x00000000c9000000, 0x0000000100000000)
  region size 1024K, 76 young (77824K), 0 survivors (0K)
 Metaspace       used 93652K, committed 94720K, reserved 1179648K
  class space    used 12728K, committed 13248K, reserved 1048576K
}

