# JRE version: Java(TM) SE Runtime Environment (22.0.2+9) (build 22.0.2+9-70)
# Java VM: Java HotSpot(TM) 64-Bit Server VM (22.0.2+9-70, mixed mode, sharing, tiered, compressed oops, compressed class ptrs, g1 gc, windows-amd64)
GC Precious Log:
 CardTable entry size: 512
 Card Set container configuration: InlinePtr #cards 5 size 8 Array Of Cards #cards 12 size 40 Howl #buckets 4 coarsen threshold 1843 Howl Bitmap #cards 512 size 80 coarsen threshold 460 Card regions per heap region 1 cards per card region 2048
 CPUs: 4 total, 4 available
 Memory: 3518M
 Large Page Support: Disabled
 NUMA Support: Disabled
 Compressed Oops: Enabled (32-bit)
 Heap Region Size: 1M
 Heap Min Capacity: 8M
 Heap Initial Capacity: 56M
 Heap Max Capacity: 880M
 Pre-touch: Disabled
 Parallel Workers: 4
 Concurrent Workers: 1
 Concurrent Refinement Workers: 4
 Periodic GC: Disabled
Heap:
 garbage-first heap   total reserved 901120K, committed 89088K, used 47945K [0x00000000c9000000, 0x0000000100000000)
  region size 1024K, 25 young (25600K), 3 survivors (3072K)
 Metaspace       used 24922K, committed 25216K, reserved 1114112K
  class space    used 2928K, committed 3072K, reserved 1048576K
GC Heap History (20 events):
Event: 0.801 GC heap before
{Heap before GC invocations=0 (full 0):
 garbage-first heap   total reserved 901120K, committed 57344K, used 14336K [0x00000000c9000000, 0x0000000100000000)
  region size 1024K, 14 young (14336K), 0 survivors (0K)
 Metaspace       used 3976K, committed 4160K, reserved 1114112K
  class space    used 424K, committed 512K, reserved 1048576K
}
Event: 0.809 GC heap after
{Heap after GC invocations=1 (full 0):
 garbage-first heap   total reserved 901120K, committed 57344K, used 3232K [0x00000000c9000000, 0x0000000100000000)
  region size 1024K, 2 young (2048K), 2 survivors (2048K)
 Metaspace       used 3976K, committed 4160K, reserved 1114112K
  class space    used 424K, committed 512K, reserved 1048576K
}
Event: 1.247 GC heap before
{Heap before GC invocations=1 (full 0):
 garbage-first heap   total reserved 901120K, committed 57344K, used 20640K [0x00000000c9000000, 0x0000000100000000)
  region size 1024K, 19 young (19456K), 2 survivors (2048K)
 Metaspace       used 6446K, committed 6720K, reserved 1114112K
  class space    used 771K, committed 896K, reserved 1048576K
}
Event: 1.253 GC heap after
{Heap after GC invocations=2 (full 0):
 garbage-first heap   total reserved 901120K, committed 57344K, used 4193K [0x00000000c9000000, 0x0000000100000000)
  region size 1024K, 1 young (1024K), 1 survivors (1024K)
 Metaspace       used 6446K, committed 6720K, reserved 1114112K
  class space    used 771K, committed 896K, reserved 1048576K
}
Event: 2.365 GC heap before
{Heap before GC invocations=2 (full 0):
 garbage-first heap   total reserved 901120K, committed 57344K, used 35937K [0x00000000c9000000, 0x0000000100000000)
  region size 1024K, 33 young (33792K), 1 survivors (1024K)
 Metaspace       used 11886K, committed 12032K, reserved 1114112K
  class space    used 1471K, committed 1536K, reserved 1048576K
}
Event: 2.372 GC heap after
{Heap after GC invocations=3 (full 0):
 garbage-first heap   total reserved 901120K, committed 57344K, used 6290K [0x00000000c9000000, 0x0000000100000000)
  region size 1024K, 3 young (3072K), 3 survivors (3072K)
 Metaspace       used 11886K, committed 12032K, reserved 1114112K
  class space    used 1471K, committed 1536K, reserved 1048576K
}
Event: 3.289 GC heap before
{Heap before GC invocations=3 (full 0):
 garbage-first heap   total reserved 901120K, committed 57344K, used 37010K [0x00000000c9000000, 0x0000000100000000)
  region size 1024K, 33 young (33792K), 3 survivors (3072K)
 Metaspace       used 14983K, committed 15232K, reserved 1114112K
  class space    used 1814K, committed 1920K, reserved 1048576K
}
Event: 3.305 GC heap after
{Heap after GC invocations=4 (full 0):
 garbage-first heap   total reserved 901120K, committed 57344K, used 10489K [0x00000000c9000000, 0x0000000100000000)
  region size 1024K, 5 young (5120K), 5 survivors (5120K)
 Metaspace       used 14983K, committed 15232K, reserved 1114112K
  class space    used 1814K, committed 1920K, reserved 1048576K
}
Event: 3.889 GC heap before
{Heap before GC invocations=4 (full 0):
 garbage-first heap   total reserved 901120K, committed 57344K, used 39161K [0x00000000c9000000, 0x0000000100000000)
  region size 1024K, 33 young (33792K), 5 survivors (5120K)
 Metaspace       used 15720K, committed 16000K, reserved 1114112K
  class space    used 1884K, committed 1984K, reserved 1048576K
}
Event: 3.904 GC heap after
{Heap after GC invocations=5 (full 0):
 garbage-first heap   total reserved 901120K, committed 57344K, used 14528K [0x00000000c9000000, 0x0000000100000000)
  region size 1024K, 4 young (4096K), 4 survivors (4096K)
 Metaspace       used 15720K, committed 16000K, reserved 1114112K
  class space    used 1884K, committed 1984K, reserved 1048576K
}
Event: 4.453 GC heap before
{Heap before GC invocations=5 (full 0):
 garbage-first heap   total reserved 901120K, committed 57344K, used 44224K [0x00000000c9000000, 0x0000000100000000)
  region size 1024K, 33 young (33792K), 4 survivors (4096K)
 Metaspace       used 15990K, committed 16192K, reserved 1114112K
  class space    used 1886K, committed 1984K, reserved 1048576K
}
Event: 4.464 GC heap after
{Heap after GC invocations=6 (full 0):
 garbage-first heap   total reserved 901120K, committed 69632K, used 16539K [0x00000000c9000000, 0x0000000100000000)
  region size 1024K, 3 young (3072K), 3 survivors (3072K)
 Metaspace       used 15990K, committed 16192K, reserved 1114112K
  class space    used 1886K, committed 1984K, reserved 1048576K
}
Event: 5.102 GC heap before
{Heap before GC invocations=6 (full 0):
 garbage-first heap   total reserved 901120K, committed 69632K, used 54427K [0x00000000c9000000, 0x0000000100000000)
  region size 1024K, 40 young (40960K), 3 survivors (3072K)
 Metaspace       used 16348K, committed 16576K, reserved 1114112K
  class space    used 1895K, committed 1984K, reserved 1048576K
}
Event: 5.110 GC heap after
{Heap after GC invocations=7 (full 0):
 garbage-first heap   total reserved 901120K, committed 69632K, used 18234K [0x00000000c9000000, 0x0000000100000000)
  region size 1024K, 4 young (4096K), 4 survivors (4096K)
 Metaspace       used 16348K, committed 16576K, reserved 1114112K
  class space    used 1895K, committed 1984K, reserved 1048576K
}
Event: 5.678 GC heap before
{Heap before GC invocations=7 (full 0):
 garbage-first heap   total reserved 901120K, committed 69632K, used 42810K [0x00000000c9000000, 0x0000000100000000)
  region size 1024K, 21 young (21504K), 4 survivors (4096K)
 Metaspace       used 17460K, committed 17792K, reserved 1114112K
  class space    used 2018K, committed 2176K, reserved 1048576K
}
Event: 5.688 GC heap after
{Heap after GC invocations=8 (full 0):
 garbage-first heap   total reserved 901120K, committed 69632K, used 28296K [0x00000000c9000000, 0x0000000100000000)
  region size 1024K, 4 young (4096K), 4 survivors (4096K)
 Metaspace       used 17460K, committed 17792K, reserved 1114112K
  class space    used 2018K, committed 2176K, reserved 1048576K
}
Event: 5.690 GC heap before
{Heap before GC invocations=8 (full 0):
 garbage-first heap   total reserved 901120K, committed 69632K, used 40584K [0x00000000c9000000, 0x0000000100000000)
  region size 1024K, 5 young (5120K), 4 survivors (4096K)
 Metaspace       used 17460K, committed 17792K, reserved 1114112K
  class space    used 2018K, committed 2176K, reserved 1048576K
}
Event: 5.695 GC heap after
{Heap after GC invocations=9 (full 0):
 garbage-first heap   total reserved 901120K, committed 69632K, used 40393K [0x00000000c9000000, 0x0000000100000000)
  region size 1024K, 2 young (2048K), 2 survivors (2048K)
 Metaspace       used 17460K, committed 17792K, reserved 1114112K
  class space    used 2018K, committed 2176K, reserved 1048576K
}
Event: 6.733 GC heap before
{Heap before GC invocations=10 (full 0):
 garbage-first heap   total reserved 901120K, committed 89088K, used 75209K [0x00000000c9000000, 0x0000000100000000)
  region size 1024K, 23 young (23552K), 2 survivors (2048K)
 Metaspace       used 19878K, committed 20224K, reserved 1114112K
  class space    used 2293K, committed 2432K, reserved 1048576K
}
Event: 6.739 GC heap after
{Heap after GC invocations=11 (full 0):
 garbage-first heap   total reserved 901120K, committed 89088K, used 22345K [0x00000000c9000000, 0x0000000100000000)
  region size 1024K, 3 young (3072K), 3 survivors (3072K)
 Metaspace       used 19878K, committed 20224K, reserved 1114112K
  class space    used 2293K, committed 2432K, reserved 1048576K
}

