# JRE version: OpenJDK Runtime Environment (22.0.2+9) (build 22.0.2+9-70)
# Java VM: OpenJDK 64-Bit Server VM (22.0.2+9-70, mixed mode, emulated-client, sharing, tiered, compressed oops, compressed class ptrs, g1 gc, windows-amd64)
GC Precious Log:
 CardTable entry size: 512
 Card Set container configuration: InlinePtr #cards 5 size 8 Array Of Cards #cards 12 size 40 Howl #buckets 4 coarsen threshold 1843 Howl Bitmap #cards 512 size 80 coarsen threshold 460 Card regions per heap region 1 cards per card region 2048
 CPUs: 4 total, 4 available
 Memory: 3518M
 Large Page Support: Disabled
 NUMA Support: Disabled
 Compressed Oops: Enabled (32-bit)
 Heap Region Size: 1M
 Heap Min Capacity: 8M
 Heap Initial Capacity: 56M
 Heap Max Capacity: 880M
 Pre-touch: Disabled
 Parallel Workers: 4
 Concurrent Workers: 1
 Concurrent Refinement Workers: 4
 Periodic GC: Disabled
Heap:
 garbage-first heap   total reserved 901120K, committed 109568K, used 46744K [0x00000000c9000000, 0x0000000100000000)
  region size 1024K, 10 young (10240K), 1 survivors (1024K)
 Metaspace       used 79735K, committed 82688K, reserved 1179648K
  class space    used 11550K, committed 12288K, reserved 1048576K
GC Heap History (20 events):
Event: 37527.013 GC heap before
{Heap before GC invocations=319 (full 25):
 garbage-first heap   total reserved 901120K, committed 109568K, used 99812K [0x00000000c9000000, 0x0000000100000000)
  region size 1024K, 59 young (60416K), 2 survivors (2048K)
 Metaspace       used 79721K, committed 82688K, reserved 1179648K
  class space    used 11546K, committed 12288K, reserved 1048576K
}
Event: 37527.072 GC heap after
{Heap after GC invocations=320 (full 25):
 garbage-first heap   total reserved 901120K, committed 109568K, used 40413K [0x00000000c9000000, 0x0000000100000000)
  region size 1024K, 2 young (2048K), 2 survivors (2048K)
 Metaspace       used 79721K, committed 82688K, reserved 1179648K
  class space    used 11546K, committed 12288K, reserved 1048576K
}
Event: 37612.022 GC heap before
{Heap before GC invocations=320 (full 25):
 garbage-first heap   total reserved 901120K, committed 109568K, used 98781K [0x00000000c9000000, 0x0000000100000000)
  region size 1024K, 60 young (61440K), 2 survivors (2048K)
 Metaspace       used 79728K, committed 82688K, reserved 1179648K
  class space    used 11548K, committed 12288K, reserved 1048576K
}
Event: 37612.116 GC heap after
{Heap after GC invocations=321 (full 25):
 garbage-first heap   total reserved 901120K, committed 109568K, used 40541K [0x00000000c9000000, 0x0000000100000000)
  region size 1024K, 2 young (2048K), 2 survivors (2048K)
 Metaspace       used 79728K, committed 82688K, reserved 1179648K
  class space    used 11548K, committed 12288K, reserved 1048576K
}
Event: 37700.630 GC heap before
{Heap before GC invocations=322 (full 25):
 garbage-first heap   total reserved 901120K, committed 109568K, used 99933K [0x00000000c9000000, 0x0000000100000000)
  region size 1024K, 60 young (61440K), 2 survivors (2048K)
 Metaspace       used 79728K, committed 82688K, reserved 1179648K
  class space    used 11548K, committed 12288K, reserved 1048576K
}
Event: 37700.635 GC heap after
{Heap after GC invocations=323 (full 25):
 garbage-first heap   total reserved 901120K, committed 109568K, used 40366K [0x00000000c9000000, 0x0000000100000000)
  region size 1024K, 2 young (2048K), 2 survivors (2048K)
 Metaspace       used 79728K, committed 82688K, reserved 1179648K
  class space    used 11548K, committed 12288K, reserved 1048576K
}
Event: 37788.978 GC heap before
{Heap before GC invocations=323 (full 25):
 garbage-first heap   total reserved 901120K, committed 109568K, used 99758K [0x00000000c9000000, 0x0000000100000000)
  region size 1024K, 60 young (61440K), 2 survivors (2048K)
 Metaspace       used 79728K, committed 82688K, reserved 1179648K
  class space    used 11548K, committed 12288K, reserved 1048576K
}
Event: 37789.018 GC heap after
{Heap after GC invocations=324 (full 25):
 garbage-first heap   total reserved 901120K, committed 109568K, used 39332K [0x00000000c9000000, 0x0000000100000000)
  region size 1024K, 2 young (2048K), 2 survivors (2048K)
 Metaspace       used 79728K, committed 82688K, reserved 1179648K
  class space    used 11548K, committed 12288K, reserved 1048576K
}
Event: 37879.012 GC heap before
{Heap before GC invocations=324 (full 25):
 garbage-first heap   total reserved 901120K, committed 109568K, used 99748K [0x00000000c9000000, 0x0000000100000000)
  region size 1024K, 61 young (62464K), 2 survivors (2048K)
 Metaspace       used 79728K, committed 82688K, reserved 1179648K
  class space    used 11548K, committed 12288K, reserved 1048576K
}
Event: 37879.064 GC heap after
{Heap after GC invocations=325 (full 25):
 garbage-first heap   total reserved 901120K, committed 109568K, used 39337K [0x00000000c9000000, 0x0000000100000000)
  region size 1024K, 2 young (2048K), 2 survivors (2048K)
 Metaspace       used 79728K, committed 82688K, reserved 1179648K
  class space    used 11548K, committed 12288K, reserved 1048576K
}
Event: 37968.658 GC heap before
{Heap before GC invocations=326 (full 25):
 garbage-first heap   total reserved 901120K, committed 109568K, used 99753K [0x00000000c9000000, 0x0000000100000000)
  region size 1024K, 61 young (62464K), 2 survivors (2048K)
 Metaspace       used 79728K, committed 82688K, reserved 1179648K
  class space    used 11548K, committed 12288K, reserved 1048576K
}
Event: 37968.666 GC heap after
{Heap after GC invocations=327 (full 25):
 garbage-first heap   total reserved 901120K, committed 109568K, used 39297K [0x00000000c9000000, 0x0000000100000000)
  region size 1024K, 2 young (2048K), 2 survivors (2048K)
 Metaspace       used 79728K, committed 82688K, reserved 1179648K
  class space    used 11548K, committed 12288K, reserved 1048576K
}
Event: 38059.200 GC heap before
{Heap before GC invocations=327 (full 25):
 garbage-first heap   total reserved 901120K, committed 109568K, used 99713K [0x00000000c9000000, 0x0000000100000000)
  region size 1024K, 61 young (62464K), 2 survivors (2048K)
 Metaspace       used 79728K, committed 82688K, reserved 1179648K
  class space    used 11548K, committed 12288K, reserved 1048576K
}
Event: 38059.227 GC heap after
{Heap after GC invocations=328 (full 25):
 garbage-first heap   total reserved 901120K, committed 109568K, used 39053K [0x00000000c9000000, 0x0000000100000000)
  region size 1024K, 1 young (1024K), 1 survivors (1024K)
 Metaspace       used 79728K, committed 82688K, reserved 1179648K
  class space    used 11548K, committed 12288K, reserved 1048576K
}
Event: 38154.685 GC heap before
{Heap before GC invocations=328 (full 25):
 garbage-first heap   total reserved 901120K, committed 109568K, used 101517K [0x00000000c9000000, 0x0000000100000000)
  region size 1024K, 62 young (63488K), 1 survivors (1024K)
 Metaspace       used 79728K, committed 82688K, reserved 1179648K
  class space    used 11548K, committed 12288K, reserved 1048576K
}
Event: 38154.836 GC heap after
{Heap after GC invocations=329 (full 25):
 garbage-first heap   total reserved 901120K, committed 109568K, used 39077K [0x00000000c9000000, 0x0000000100000000)
  region size 1024K, 1 young (1024K), 1 survivors (1024K)
 Metaspace       used 79728K, committed 82688K, reserved 1179648K
  class space    used 11548K, committed 12288K, reserved 1048576K
}
Event: 38246.312 GC heap before
{Heap before GC invocations=330 (full 25):
 garbage-first heap   total reserved 901120K, committed 109568K, used 101541K [0x00000000c9000000, 0x0000000100000000)
  region size 1024K, 62 young (63488K), 1 survivors (1024K)
 Metaspace       used 79735K, committed 82688K, reserved 1179648K
  class space    used 11550K, committed 12288K, reserved 1048576K
}
Event: 38246.379 GC heap after
{Heap after GC invocations=331 (full 25):
 garbage-first heap   total reserved 901120K, committed 109568K, used 39310K [0x00000000c9000000, 0x0000000100000000)
  region size 1024K, 1 young (1024K), 1 survivors (1024K)
 Metaspace       used 79735K, committed 82688K, reserved 1179648K
  class space    used 11550K, committed 12288K, reserved 1048576K
}
Event: 38345.007 GC heap before
{Heap before GC invocations=331 (full 25):
 garbage-first heap   total reserved 901120K, committed 109568K, used 101774K [0x00000000c9000000, 0x0000000100000000)
  region size 1024K, 62 young (63488K), 1 survivors (1024K)
 Metaspace       used 79735K, committed 82688K, reserved 1179648K
  class space    used 11550K, committed 12288K, reserved 1048576K
}
Event: 38345.213 GC heap after
{Heap after GC invocations=332 (full 25):
 garbage-first heap   total reserved 901120K, committed 109568K, used 38552K [0x00000000c9000000, 0x0000000100000000)
  region size 1024K, 1 young (1024K), 1 survivors (1024K)
 Metaspace       used 79735K, committed 82688K, reserved 1179648K
  class space    used 11550K, committed 12288K, reserved 1048576K
}

